DEPRECATION WARNING: Use toplevel init.rb; rails/init.rb is deprecated: /home/srini/code/ruby/me1/vendor/plugins/paperclip/rails/init.rb. (called from <top (required)> at /home/srini/code/ruby/me1/config/environment.rb:5)
  [1m[36mSQL (0.4ms)[0m  [1mSHOW TABLES[0m
  [1m[35mSQL (0.4ms)[0m  SHOW TABLES
  [1m[36mSQL (0.2ms)[0m  [1mSELECT `schema_migrations`.`version` FROM `schema_migrations`[0m
Migrating to CreateUsers (20100821203213)
  [1m[35mSQL (19.0ms)[0m  CREATE TABLE `users` (`id` int(11) DEFAULT NULL auto_increment PRIMARY KEY, `name` varchar(255), `email` varchar(255), `created_at` datetime, `updated_at` datetime) ENGINE=InnoDB
  [1m[36mSQL (2.1ms)[0m  [1mINSERT INTO `schema_migrations` (`version`) VALUES ('20100821203213')[0m
Migrating to AddEmailUniquenessIndex (20100822012431)
  [1m[35mSQL (0.6ms)[0m  SHOW KEYS FROM `users`
  [1m[36mSQL (48.0ms)[0m  [1mCREATE UNIQUE INDEX `index_users_on_email` ON `users` (`email`)[0m
  [1m[35mSQL (0.6ms)[0m  INSERT INTO `schema_migrations` (`version`) VALUES ('20100822012431')
Migrating to AddPasswordToUsers (20100822204528)
  [1m[36mSQL (19.4ms)[0m  [1mALTER TABLE `users` ADD `encrypted_password` varchar(255)[0m
  [1m[35mSQL (0.8ms)[0m  INSERT INTO `schema_migrations` (`version`) VALUES ('20100822204528')
Migrating to AddSaltToUsers (20100822233125)
  [1m[36mSQL (25.2ms)[0m  [1mALTER TABLE `users` ADD `salt` varchar(255)[0m
  [1m[35mSQL (6.8ms)[0m  INSERT INTO `schema_migrations` (`version`) VALUES ('20100822233125')
Migrating to AddAdminToUsers (20100829021049)
  [1m[36mSQL (6.5ms)[0m  [1mALTER TABLE `users` ADD `admin` tinyint(1) DEFAULT 0[0m
  [1m[35mSQL (1.2ms)[0m  INSERT INTO `schema_migrations` (`version`) VALUES ('20100829021049')
Migrating to CreateMicroposts (20100829210229)
  [1m[36mSQL (46.1ms)[0m  [1mCREATE TABLE `microposts` (`id` int(11) DEFAULT NULL auto_increment PRIMARY KEY, `content` varchar(255), `user_id` int(11), `created_at` datetime, `updated_at` datetime) ENGINE=InnoDB[0m
  [1m[35mSQL (0.5ms)[0m  SHOW KEYS FROM `microposts`
  [1m[36mSQL (15.5ms)[0m  [1mCREATE INDEX `index_microposts_on_user_id` ON `microposts` (`user_id`)[0m
  [1m[35mSQL (0.5ms)[0m  INSERT INTO `schema_migrations` (`version`) VALUES ('20100829210229')
Migrating to CreateRelationships (20100831012055)
  [1m[36mSQL (18.5ms)[0m  [1mCREATE TABLE `relationships` (`id` int(11) DEFAULT NULL auto_increment PRIMARY KEY, `follower_id` int(11), `followed_id` int(11), `created_at` datetime, `updated_at` datetime) ENGINE=InnoDB[0m
  [1m[35mSQL (0.5ms)[0m  SHOW KEYS FROM `relationships`
  [1m[36mSQL (20.5ms)[0m  [1mCREATE INDEX `index_relationships_on_follower_id` ON `relationships` (`follower_id`)[0m
  [1m[35mSQL (0.5ms)[0m  SHOW KEYS FROM `relationships`
  [1m[36mSQL (12.2ms)[0m  [1mCREATE INDEX `index_relationships_on_followed_id` ON `relationships` (`followed_id`)[0m
  [1m[35mSQL (6.9ms)[0m  INSERT INTO `schema_migrations` (`version`) VALUES ('20100831012055')
Migrating to CreateStories (20101212025042)
  [1m[36mSQL (15.3ms)[0m  [1mCREATE TABLE `stories` (`id` int(11) DEFAULT NULL auto_increment PRIMARY KEY, `title` varchar(255), `teaser` varchar(255), `url` varchar(255), `user_id` int(11), `votes` int(11), `photo_path1` varchar(255), `video_path1` varchar(255), `created_at` datetime, `updated_at` datetime) ENGINE=InnoDB[0m
  [1m[35mSQL (15.3ms)[0m  INSERT INTO `schema_migrations` (`version`) VALUES ('20101212025042')
Migrating to CreateRetirees (20110107004504)
  [1m[36mSQL (7.8ms)[0m  [1mCREATE TABLE `retirees` (`id` int(11) DEFAULT NULL auto_increment PRIMARY KEY, `user_id` int(11), `first_name` varchar(255), `last_name` varchar(255), `years_worked` int(11), `plant` varchar(255), `pet_story` varchar(255), `what_are_you_doing` varchar(255), `photo_path1` varchar(255), `video_path1` varchar(255), `message_to_ceo` varchar(255), `created_at` datetime, `updated_at` datetime) ENGINE=InnoDB[0m
  [1m[35mSQL (5.2ms)[0m  INSERT INTO `schema_migrations` (`version`) VALUES ('20110107004504')
Migrating to AddPhotoToStories (20110115145516)
  [1m[36mSQL (17.6ms)[0m  [1mALTER TABLE `stories` ADD `photo_file_name` varchar(255)[0m
  [1m[35mSQL (11.9ms)[0m  ALTER TABLE `stories` ADD `photo_content_type` varchar(255)
  [1m[36mSQL (10.5ms)[0m  [1mALTER TABLE `stories` ADD `photo_file_size` int(11)[0m
  [1m[35mSQL (6.8ms)[0m  INSERT INTO `schema_migrations` (`version`) VALUES ('20110115145516')
Migrating to AddPhotoToRetirees (20110115160414)
  [1m[36mSQL (51.1ms)[0m  [1mALTER TABLE `retirees` ADD `photo_file_name` varchar(255)[0m
  [1m[35mSQL (12.1ms)[0m  ALTER TABLE `retirees` ADD `photo_content_type` varchar(255)
  [1m[36mSQL (20.5ms)[0m  [1mALTER TABLE `retirees` ADD `photo_file_size` int(11)[0m
  [1m[35mSQL (0.5ms)[0m  INSERT INTO `schema_migrations` (`version`) VALUES ('20110115160414')
Migrating to AddVotesToComments (20110115202757)
  [1m[36mSQL (0.5ms)[0m  [1mALTER TABLE `comments` ADD `votes` int(11)[0m
Mysql2::Error: Table 'me1.comments' doesn't exist: ALTER TABLE `comments` ADD `votes` int(11)
DEPRECATION WARNING: Use toplevel init.rb; rails/init.rb is deprecated: /home/srini/code/ruby/me1/vendor/plugins/paperclip/rails/init.rb. (called from <top (required)> at /home/srini/code/ruby/me1/config/environment.rb:5)


Started GET "/" for 127.0.0.1 at 2011-02-26 15:12:26 -0500
  Processing by PagesController#home as HTML
  [1m[36mStory Load (0.5ms)[0m  [1mSELECT `stories`.* FROM `stories` ORDER BY votes DESC[0m
  [1m[35mSQL (0.6ms)[0m  SHOW TABLES
  [1m[36mUser Load (0.4ms)[0m  [1mSELECT `users`.* FROM `users` WHERE `users`.`id` = 1 LIMIT 1[0m
  [1m[35mCACHE (0.0ms)[0m  SELECT `users`.* FROM `users` WHERE `users`.`id` = 1 LIMIT 1
Rendered layouts/_stylesheets.html.erb (2.2ms)
  [1m[36mCACHE (0.0ms)[0m  [1mSELECT `users`.* FROM `users` WHERE `users`.`id` = 1 LIMIT 1[0m
  [1m[35mCACHE (0.0ms)[0m  SELECT `users`.* FROM `users` WHERE `users`.`id` = 1 LIMIT 1
  [1m[36mCACHE (0.0ms)[0m  [1mSELECT `users`.* FROM `users` WHERE `users`.`id` = 1 LIMIT 1[0m
Rendered layouts/_header.html.erb (6.4ms)
  [1m[35mCACHE (0.0ms)[0m  SELECT `users`.* FROM `users` WHERE `users`.`id` = 1 LIMIT 1
Rendered layouts/_footer.html.erb (1.5ms)
Rendered pages/home.html.erb within layouts/application (25.0ms)
Completed 200 OK in 328ms (Views: 38.7ms | ActiveRecord: 1.6ms)


Started GET "/" for 127.0.0.1 at 2011-02-26 15:12:46 -0500
  Processing by PagesController#home as HTML
  [1m[36mStory Load (2.0ms)[0m  [1mSELECT `stories`.* FROM `stories` ORDER BY votes DESC[0m
  [1m[35mUser Load (0.2ms)[0m  SELECT `users`.* FROM `users` WHERE `users`.`id` = 1 LIMIT 1
  [1m[36mCACHE (0.0ms)[0m  [1mSELECT `users`.* FROM `users` WHERE `users`.`id` = 1 LIMIT 1[0m
Rendered layouts/_stylesheets.html.erb (2.0ms)
  [1m[35mCACHE (0.0ms)[0m  SELECT `users`.* FROM `users` WHERE `users`.`id` = 1 LIMIT 1
  [1m[36mCACHE (0.0ms)[0m  [1mSELECT `users`.* FROM `users` WHERE `users`.`id` = 1 LIMIT 1[0m
  [1m[35mCACHE (0.0ms)[0m  SELECT `users`.* FROM `users` WHERE `users`.`id` = 1 LIMIT 1
Rendered layouts/_header.html.erb (7.6ms)
  [1m[36mCACHE (0.0ms)[0m  [1mSELECT `users`.* FROM `users` WHERE `users`.`id` = 1 LIMIT 1[0m
Rendered layouts/_footer.html.erb (1.4ms)
Rendered pages/home.html.erb within layouts/application (26.7ms)
Completed 200 OK in 188ms (Views: 35.0ms | ActiveRecord: 2.2ms)


Started GET "/retiree" for 127.0.0.1 at 2011-02-26 15:12:51 -0500
  Processing by RetireesController#index as HTML
  [1m[35mRetiree Load (0.6ms)[0m  SELECT `retirees`.* FROM `retirees` ORDER BY created_at DESC LIMIT 10 OFFSET 0
  [1m[36mRetiree Load (0.4ms)[0m  [1mSELECT `retirees`.* FROM `retirees` ORDER BY created_at DESC LIMIT 4[0m
DEPRECATION WARNING: <% %> style block helpers are deprecated. Please use <%= %>. (called from _app_views_retirees_index_html_erb__360686176_77833950__164993961 at /home/srini/code/ruby/me1/app/views/retirees/index.html.erb:3)
  [1m[35mUser Load (0.2ms)[0m  SELECT `users`.* FROM `users` WHERE `users`.`id` = 1 LIMIT 1
  [1m[36mCACHE (0.0ms)[0m  [1mSELECT `users`.* FROM `users` WHERE `users`.`id` = 1 LIMIT 1[0m
Rendered layouts/_stylesheets.html.erb (1.7ms)
  [1m[35mCACHE (0.0ms)[0m  SELECT `users`.* FROM `users` WHERE `users`.`id` = 1 LIMIT 1
  [1m[36mCACHE (0.0ms)[0m  [1mSELECT `users`.* FROM `users` WHERE `users`.`id` = 1 LIMIT 1[0m
  [1m[35mCACHE (0.0ms)[0m  SELECT `users`.* FROM `users` WHERE `users`.`id` = 1 LIMIT 1
Rendered layouts/_header.html.erb (6.2ms)
  [1m[36mCACHE (0.0ms)[0m  [1mSELECT `users`.* FROM `users` WHERE `users`.`id` = 1 LIMIT 1[0m
Rendered layouts/_footer.html.erb (1.3ms)
Rendered retirees/index.html.erb within layouts/application (146.6ms)
Completed 200 OK in 172ms (Views: 154.7ms | ActiveRecord: 1.2ms)


Started GET "/" for 127.0.0.1 at 2011-02-26 15:12:55 -0500
  Processing by PagesController#home as HTML
  [1m[35mStory Load (1.0ms)[0m  SELECT `stories`.* FROM `stories` ORDER BY votes DESC
  [1m[36mUser Load (0.2ms)[0m  [1mSELECT `users`.* FROM `users` WHERE `users`.`id` = 1 LIMIT 1[0m
  [1m[35mCACHE (0.0ms)[0m  SELECT `users`.* FROM `users` WHERE `users`.`id` = 1 LIMIT 1
Rendered layouts/_stylesheets.html.erb (2.6ms)
  [1m[36mCACHE (0.0ms)[0m  [1mSELECT `users`.* FROM `users` WHERE `users`.`id` = 1 LIMIT 1[0m
  [1m[35mCACHE (0.0ms)[0m  SELECT `users`.* FROM `users` WHERE `users`.`id` = 1 LIMIT 1
  [1m[36mCACHE (0.0ms)[0m  [1mSELECT `users`.* FROM `users` WHERE `users`.`id` = 1 LIMIT 1[0m
Rendered layouts/_header.html.erb (5.9ms)
  [1m[35mCACHE (0.0ms)[0m  SELECT `users`.* FROM `users` WHERE `users`.`id` = 1 LIMIT 1
Rendered layouts/_footer.html.erb (1.3ms)
Rendered pages/home.html.erb within layouts/application (23.6ms)
Completed 200 OK in 124ms (Views: 31.6ms | ActiveRecord: 1.2ms)


Started GET "/retiree" for 127.0.0.1 at 2011-02-26 15:12:56 -0500
  Processing by RetireesController#index as HTML
  [1m[36mRetiree Load (0.2ms)[0m  [1mSELECT `retirees`.* FROM `retirees` ORDER BY created_at DESC LIMIT 10 OFFSET 0[0m
  [1m[35mRetiree Load (0.1ms)[0m  SELECT `retirees`.* FROM `retirees` ORDER BY created_at DESC LIMIT 4
DEPRECATION WARNING: <% %> style block helpers are deprecated. Please use <%= %>. (called from _app_views_retirees_index_html_erb__360686176_79265040__164993961 at /home/srini/code/ruby/me1/app/views/retirees/index.html.erb:3)
  [1m[36mUser Load (3.8ms)[0m  [1mSELECT `users`.* FROM `users` WHERE `users`.`id` = 1 LIMIT 1[0m
  [1m[35mCACHE (0.0ms)[0m  SELECT `users`.* FROM `users` WHERE `users`.`id` = 1 LIMIT 1
Rendered layouts/_stylesheets.html.erb (1.6ms)
  [1m[36mCACHE (0.0ms)[0m  [1mSELECT `users`.* FROM `users` WHERE `users`.`id` = 1 LIMIT 1[0m
  [1m[35mCACHE (0.0ms)[0m  SELECT `users`.* FROM `users` WHERE `users`.`id` = 1 LIMIT 1
  [1m[36mCACHE (0.0ms)[0m  [1mSELECT `users`.* FROM `users` WHERE `users`.`id` = 1 LIMIT 1[0m
Rendered layouts/_header.html.erb (7.0ms)
  [1m[35mCACHE (0.0ms)[0m  SELECT `users`.* FROM `users` WHERE `users`.`id` = 1 LIMIT 1
Rendered layouts/_footer.html.erb (1.3ms)
Rendered retirees/index.html.erb within layouts/application (94.2ms)
Completed 200 OK in 121ms (Views: 98.7ms | ActiveRecord: 4.2ms)


Started GET "/" for 127.0.0.1 at 2011-02-26 15:12:58 -0500
  Processing by PagesController#home as HTML
  [1m[36mStory Load (0.2ms)[0m  [1mSELECT `stories`.* FROM `stories` ORDER BY votes DESC[0m
  [1m[35mUser Load (0.2ms)[0m  SELECT `users`.* FROM `users` WHERE `users`.`id` = 1 LIMIT 1
  [1m[36mCACHE (0.0ms)[0m  [1mSELECT `users`.* FROM `users` WHERE `users`.`id` = 1 LIMIT 1[0m
Rendered layouts/_stylesheets.html.erb (1.7ms)
  [1m[35mCACHE (0.0ms)[0m  SELECT `users`.* FROM `users` WHERE `users`.`id` = 1 LIMIT 1
  [1m[36mCACHE (0.0ms)[0m  [1mSELECT `users`.* FROM `users` WHERE `users`.`id` = 1 LIMIT 1[0m
  [1m[35mCACHE (0.0ms)[0m  SELECT `users`.* FROM `users` WHERE `users`.`id` = 1 LIMIT 1
Rendered layouts/_header.html.erb (5.7ms)
  [1m[36mCACHE (0.0ms)[0m  [1mSELECT `users`.* FROM `users` WHERE `users`.`id` = 1 LIMIT 1[0m
Rendered layouts/_footer.html.erb (1.9ms)
Rendered pages/home.html.erb within layouts/application (22.6ms)
Completed 200 OK in 180ms (Views: 32.0ms | ActiveRecord: 0.4ms)


Started GET "/retiree" for 127.0.0.1 at 2011-02-26 15:12:59 -0500
  Processing by RetireesController#index as HTML
  [1m[35mRetiree Load (0.2ms)[0m  SELECT `retirees`.* FROM `retirees` ORDER BY created_at DESC LIMIT 10 OFFSET 0
  [1m[36mRetiree Load (0.1ms)[0m  [1mSELECT `retirees`.* FROM `retirees` ORDER BY created_at DESC LIMIT 4[0m
DEPRECATION WARNING: <% %> style block helpers are deprecated. Please use <%= %>. (called from _app_views_retirees_index_html_erb__360686176_78330910__164993961 at /home/srini/code/ruby/me1/app/views/retirees/index.html.erb:3)
  [1m[35mUser Load (0.2ms)[0m  SELECT `users`.* FROM `users` WHERE `users`.`id` = 1 LIMIT 1
  [1m[36mCACHE (0.0ms)[0m  [1mSELECT `users`.* FROM `users` WHERE `users`.`id` = 1 LIMIT 1[0m
Rendered layouts/_stylesheets.html.erb (1.7ms)
  [1m[35mCACHE (0.0ms)[0m  SELECT `users`.* FROM `users` WHERE `users`.`id` = 1 LIMIT 1
  [1m[36mCACHE (0.0ms)[0m  [1mSELECT `users`.* FROM `users` WHERE `users`.`id` = 1 LIMIT 1[0m
  [1m[35mCACHE (0.0ms)[0m  SELECT `users`.* FROM `users` WHERE `users`.`id` = 1 LIMIT 1
Rendered layouts/_header.html.erb (6.3ms)
  [1m[36mCACHE (0.0ms)[0m  [1mSELECT `users`.* FROM `users` WHERE `users`.`id` = 1 LIMIT 1[0m
Rendered layouts/_footer.html.erb (1.3ms)
Rendered retirees/index.html.erb within layouts/application (156.2ms)
Completed 200 OK in 182ms (Views: 164.6ms | ActiveRecord: 0.6ms)
DEPRECATION WARNING: Use toplevel init.rb; rails/init.rb is deprecated: /home/srini/code/ruby/me1/vendor/plugins/paperclip/rails/init.rb. (called from <top (required)> at /home/srini/code/ruby/me1/config/environment.rb:5)
DEPRECATION WARNING: Use toplevel init.rb; rails/init.rb is deprecated: /home/srini/code/ruby/me1/vendor/plugins/paperclip/rails/init.rb. (called from <top (required)> at /home/srini/code/ruby/me1/config/environment.rb:5)
DEPRECATION WARNING: Use toplevel init.rb; rails/init.rb is deprecated: /home/srini/code/ruby/me1/vendor/plugins/paperclip/rails/init.rb. (called from <top (required)> at /home/srini/code/ruby/me1/config/environment.rb:5)
DEPRECATION WARNING: Use toplevel init.rb; rails/init.rb is deprecated: /home/srini/code/ruby/me1/vendor/plugins/paperclip/rails/init.rb. (called from <top (required)> at /home/srini/code/ruby/me1/config/environment.rb:5)
DEPRECATION WARNING: Use toplevel init.rb; rails/init.rb is deprecated: /home/srini/code/ruby/me1/vendor/plugins/paperclip/rails/init.rb. (called from <top (required)> at /home/srini/code/ruby/me1/config/environment.rb:5)
  [1m[36mSQL (0.3ms)[0m  [1mSHOW TABLES[0m
  [1m[35mSQL (0.4ms)[0m  SHOW TABLES
  [1m[36mSQL (0.4ms)[0m  [1mSELECT `schema_migrations`.`version` FROM `schema_migrations`[0m
Migrating to CreateUsers (20100821203213)
Migrating to AddEmailUniquenessIndex (20100822012431)
Migrating to AddPasswordToUsers (20100822204528)
Migrating to AddSaltToUsers (20100822233125)
Migrating to AddAdminToUsers (20100829021049)
Migrating to CreateStories (20101212025042)
Migrating to CreateRetirees (20110107004504)
Migrating to AddPhotoToStories (20110115145516)
Migrating to AddPhotoToRetirees (20110115160414)
Migrating to AddVotesToComments (20110115202757)
  [1m[35mSQL (0.4ms)[0m  ALTER TABLE `comments` ADD `votes` int(11)
Mysql2::Error: Table 'me1.comments' doesn't exist: ALTER TABLE `comments` ADD `votes` int(11)
DEPRECATION WARNING: Use toplevel init.rb; rails/init.rb is deprecated: /home/srini/code/ruby/me1/vendor/plugins/paperclip/rails/init.rb. (called from <top (required)> at /home/srini/code/ruby/me1/config/environment.rb:5)
DEPRECATION WARNING: Use toplevel init.rb; rails/init.rb is deprecated: /home/srini/code/ruby/me1/vendor/plugins/paperclip/rails/init.rb. (called from <top (required)> at /home/srini/code/ruby/me1/config/environment.rb:5)
  [1m[36mSQL (0.4ms)[0m  [1mSHOW TABLES[0m
  [1m[35mSQL (0.4ms)[0m  SHOW TABLES
  [1m[36mSQL (0.2ms)[0m  [1mSELECT `schema_migrations`.`version` FROM `schema_migrations`[0m
Migrating to CreateUsers (20100821203213)
Migrating to AddEmailUniquenessIndex (20100822012431)
Migrating to AddPasswordToUsers (20100822204528)
Migrating to AddSaltToUsers (20100822233125)
Migrating to AddAdminToUsers (20100829021049)
Migrating to CreateStories (20101212025042)
Migrating to CreateRetirees (20110107004504)
Migrating to AddPhotoToStories (20110115145516)
Migrating to AddPhotoToRetirees (20110115160414)
Migrating to AddVotesToComments (20110115202757)
  [1m[35mSQL (0.4ms)[0m  ALTER TABLE `comments` ADD `votes` int(11)
Mysql2::Error: Table 'me1.comments' doesn't exist: ALTER TABLE `comments` ADD `votes` int(11)
DEPRECATION WARNING: Use toplevel init.rb; rails/init.rb is deprecated: /home/srini/code/ruby/me1/vendor/plugins/paperclip/rails/init.rb. (called from <top (required)> at /home/srini/code/ruby/me1/config/environment.rb:5)
  [1m[36mSQL (0.3ms)[0m  [1mSHOW TABLES[0m
  [1m[35mSQL (0.4ms)[0m  SHOW TABLES
  [1m[36mSQL (0.3ms)[0m  [1mSHOW TABLES[0m
  [1m[35mSQL (0.2ms)[0m  SELECT `schema_migrations`.`version` FROM `schema_migrations`
  [1m[36mSQL (0.3ms)[0m  [1mSHOW TABLES[0m
  [1m[35mSQL (0.7ms)[0m  describe `item2s`
  [1m[36mSQL (0.4ms)[0m  [1mSHOW KEYS FROM `item2s`[0m
  [1m[35mSQL (0.8ms)[0m  describe `items`
  [1m[36mSQL (0.4ms)[0m  [1mSHOW KEYS FROM `items`[0m
  [1m[35mSQL (0.7ms)[0m  describe `microposts`
  [1m[36mSQL (0.5ms)[0m  [1mSHOW KEYS FROM `microposts`[0m
  [1m[35mSQL (0.8ms)[0m  describe `relationships`
  [1m[36mSQL (0.4ms)[0m  [1mSHOW KEYS FROM `relationships`[0m
  [1m[35mSQL (1.4ms)[0m  describe `retirees`
  [1m[36mSQL (0.4ms)[0m  [1mSHOW KEYS FROM `retirees`[0m
  [1m[35mSQL (1.2ms)[0m  describe `stories`
  [1m[36mSQL (0.4ms)[0m  [1mSHOW KEYS FROM `stories`[0m
  [1m[35mSQL (1.1ms)[0m  describe `users`
  [1m[36mSQL (0.4ms)[0m  [1mSHOW KEYS FROM `users`[0m
DEPRECATION WARNING: Use toplevel init.rb; rails/init.rb is deprecated: /home/srini/code/ruby/me1/vendor/plugins/paperclip/rails/init.rb. (called from <top (required)> at /home/srini/code/ruby/me1/config/environment.rb:5)


Started GET "/" for 127.0.0.1 at 2011-02-26 15:44:04 -0500
  Processing by PagesController#home as HTML
  [1m[36mStory Load (0.2ms)[0m  [1mSELECT `stories`.* FROM `stories` ORDER BY votes DESC[0m
  [1m[35mSQL (0.4ms)[0m  SHOW TABLES
  [1m[36mUser Load (0.2ms)[0m  [1mSELECT `users`.* FROM `users` WHERE `users`.`id` = 1 LIMIT 1[0m
  [1m[35mCACHE (0.0ms)[0m  SELECT `users`.* FROM `users` WHERE `users`.`id` = 1 LIMIT 1
Rendered layouts/_stylesheets.html.erb (2.3ms)
  [1m[36mCACHE (0.0ms)[0m  [1mSELECT `users`.* FROM `users` WHERE `users`.`id` = 1 LIMIT 1[0m
  [1m[35mCACHE (0.0ms)[0m  SELECT `users`.* FROM `users` WHERE `users`.`id` = 1 LIMIT 1
  [1m[36mCACHE (0.0ms)[0m  [1mSELECT `users`.* FROM `users` WHERE `users`.`id` = 1 LIMIT 1[0m
Rendered layouts/_header.html.erb (5.5ms)
  [1m[35mCACHE (0.0ms)[0m  SELECT `users`.* FROM `users` WHERE `users`.`id` = 1 LIMIT 1
Rendered layouts/_footer.html.erb (1.4ms)
Rendered pages/home.html.erb within layouts/application (24.1ms)
Completed 200 OK in 260ms (Views: 32.2ms | ActiveRecord: 0.8ms)
DEPRECATION WARNING: Use toplevel init.rb; rails/init.rb is deprecated: /home/srini/code/ruby/me1/vendor/plugins/paperclip/rails/init.rb. (called from <top (required)> at /home/srini/code/ruby/me1/config/environment.rb:5)
DEPRECATION WARNING: Use toplevel init.rb; rails/init.rb is deprecated: /home/srini/code/ruby/me1/vendor/plugins/paperclip/rails/init.rb. (called from <top (required)> at /home/srini/code/ruby/me1/config/environment.rb:5)
DEPRECATION WARNING: Use toplevel init.rb; rails/init.rb is deprecated: /home/srini/code/ruby/me1/vendor/plugins/paperclip/rails/init.rb. (called from <top (required)> at /home/srini/code/ruby/me1/config/environment.rb:5)
  [1m[36mSQL (0.3ms)[0m  [1mSHOW TABLES[0m
  [1m[35mSQL (0.4ms)[0m  SHOW TABLES
  [1m[36mSQL (0.1ms)[0m  [1mSELECT `schema_migrations`.`version` FROM `schema_migrations`[0m
Migrating to CreateItems (20110226204741)
  [1m[35mSQL (0.5ms)[0m  CREATE TABLE `items` (`id` int(11) DEFAULT NULL auto_increment PRIMARY KEY, `name` varchar(255), `description` varchar(255), `created_at` datetime, `updated_at` datetime) ENGINE=InnoDB
Mysql2::Error: Table 'items' already exists: CREATE TABLE `items` (`id` int(11) DEFAULT NULL auto_increment PRIMARY KEY, `name` varchar(255), `description` varchar(255), `created_at` datetime, `updated_at` datetime) ENGINE=InnoDB
DEPRECATION WARNING: Use toplevel init.rb; rails/init.rb is deprecated: /home/srini/code/ruby/me1/vendor/plugins/paperclip/rails/init.rb. (called from <top (required)> at /home/srini/code/ruby/me1/config/environment.rb:5)
  [1m[36mSQL (0.3ms)[0m  [1mSHOW TABLES[0m
  [1m[35mSQL (0.4ms)[0m  SHOW TABLES
  [1m[36mSQL (0.2ms)[0m  [1mSELECT `schema_migrations`.`version` FROM `schema_migrations`[0m
Migrating to CreateItems (20110226204741)
  [1m[35mSQL (66.0ms)[0m  CREATE TABLE `items` (`id` int(11) DEFAULT NULL auto_increment PRIMARY KEY, `name` varchar(255), `description` varchar(255), `created_at` datetime, `updated_at` datetime) ENGINE=InnoDB
  [1m[36mSQL (2.6ms)[0m  [1mINSERT INTO `schema_migrations` (`version`) VALUES ('20110226204741')[0m
Migrating to CreateStores (20110226205500)
  [1m[35mSQL (3.4ms)[0m  CREATE TABLE `stores` (`id` int(11) DEFAULT NULL auto_increment PRIMARY KEY, `location` varchar(255), `zip` int(11), `item_id` int(11), `price` float, `created_at` datetime, `updated_at` datetime) ENGINE=InnoDB
  [1m[36mSQL (0.7ms)[0m  [1mINSERT INTO `schema_migrations` (`version`) VALUES ('20110226205500')[0m
  [1m[35mSQL (0.4ms)[0m  SHOW TABLES
  [1m[36mSQL (0.3ms)[0m  [1mSELECT `schema_migrations`.`version` FROM `schema_migrations`[0m
  [1m[35mSQL (0.3ms)[0m  SHOW TABLES
  [1m[36mSQL (0.6ms)[0m  [1mdescribe `item2s`[0m
  [1m[35mSQL (0.4ms)[0m  SHOW KEYS FROM `item2s`
  [1m[36mSQL (0.7ms)[0m  [1mdescribe `items`[0m
  [1m[35mSQL (0.4ms)[0m  SHOW KEYS FROM `items`
  [1m[36mSQL (0.6ms)[0m  [1mdescribe `microposts`[0m
  [1m[35mSQL (0.4ms)[0m  SHOW KEYS FROM `microposts`
  [1m[36mSQL (0.6ms)[0m  [1mdescribe `relationships`[0m
  [1m[35mSQL (0.4ms)[0m  SHOW KEYS FROM `relationships`
  [1m[36mSQL (1.0ms)[0m  [1mdescribe `retirees`[0m
  [1m[35mSQL (0.4ms)[0m  SHOW KEYS FROM `retirees`
  [1m[36mSQL (0.9ms)[0m  [1mdescribe `stores`[0m
  [1m[35mSQL (0.4ms)[0m  SHOW KEYS FROM `stores`
  [1m[36mSQL (0.9ms)[0m  [1mdescribe `stories`[0m
  [1m[35mSQL (0.9ms)[0m  SHOW KEYS FROM `stories`
  [1m[36mSQL (0.7ms)[0m  [1mdescribe `users`[0m
  [1m[35mSQL (0.4ms)[0m  SHOW KEYS FROM `users`
DEPRECATION WARNING: Use toplevel init.rb; rails/init.rb is deprecated: /home/srini/code/ruby/me1/vendor/plugins/paperclip/rails/init.rb. (called from <top (required)> at /home/srini/code/ruby/me1/config/environment.rb:5)


Started GET "/" for 127.0.0.1 at 2011-02-26 15:58:04 -0500
  Processing by PagesController#home as HTML
  [1m[36mStory Load (0.2ms)[0m  [1mSELECT `stories`.* FROM `stories` ORDER BY votes DESC[0m
  [1m[35mSQL (0.4ms)[0m  SHOW TABLES
  [1m[36mUser Load (0.2ms)[0m  [1mSELECT `users`.* FROM `users` WHERE `users`.`id` = 1 LIMIT 1[0m
  [1m[35mCACHE (0.0ms)[0m  SELECT `users`.* FROM `users` WHERE `users`.`id` = 1 LIMIT 1
Rendered layouts/_stylesheets.html.erb (1.9ms)
  [1m[36mCACHE (0.0ms)[0m  [1mSELECT `users`.* FROM `users` WHERE `users`.`id` = 1 LIMIT 1[0m
  [1m[35mCACHE (0.0ms)[0m  SELECT `users`.* FROM `users` WHERE `users`.`id` = 1 LIMIT 1
  [1m[36mCACHE (0.0ms)[0m  [1mSELECT `users`.* FROM `users` WHERE `users`.`id` = 1 LIMIT 1[0m
Rendered layouts/_header.html.erb (6.2ms)
  [1m[35mCACHE (0.0ms)[0m  SELECT `users`.* FROM `users` WHERE `users`.`id` = 1 LIMIT 1
Rendered layouts/_footer.html.erb (1.5ms)
Rendered pages/home.html.erb within layouts/application (23.0ms)
Completed 200 OK in 254ms (Views: 32.3ms | ActiveRecord: 0.8ms)


Started GET "/" for 127.0.0.1 at 2011-02-26 15:59:24 -0500
  Processing by PagesController#home as HTML
  [1m[36mStory Load (0.2ms)[0m  [1mSELECT `stories`.* FROM `stories` ORDER BY votes DESC[0m
  [1m[35mUser Load (0.2ms)[0m  SELECT `users`.* FROM `users` WHERE `users`.`id` = 1 LIMIT 1
  [1m[36mCACHE (0.0ms)[0m  [1mSELECT `users`.* FROM `users` WHERE `users`.`id` = 1 LIMIT 1[0m
Rendered layouts/_stylesheets.html.erb (1.8ms)
  [1m[35mCACHE (0.0ms)[0m  SELECT `users`.* FROM `users` WHERE `users`.`id` = 1 LIMIT 1
  [1m[36mCACHE (0.0ms)[0m  [1mSELECT `users`.* FROM `users` WHERE `users`.`id` = 1 LIMIT 1[0m
  [1m[35mCACHE (0.0ms)[0m  SELECT `users`.* FROM `users` WHERE `users`.`id` = 1 LIMIT 1
Rendered layouts/_header.html.erb (5.6ms)
  [1m[36mCACHE (0.0ms)[0m  [1mSELECT `users`.* FROM `users` WHERE `users`.`id` = 1 LIMIT 1[0m
Rendered layouts/_footer.html.erb (1.9ms)
Rendered pages/home.html.erb within layouts/application (24.8ms)
Completed 200 OK in 164ms (Views: 33.6ms | ActiveRecord: 0.4ms)
DEPRECATION WARNING: Use toplevel init.rb; rails/init.rb is deprecated: /home/srini/code/ruby/me1/vendor/plugins/paperclip/rails/init.rb. (called from <top (required)> at /home/srini/code/ruby/me1/config/environment.rb:5)


Started GET "/" for 127.0.0.1 at 2011-02-26 16:11:29 -0500
  Processing by PagesController#home as HTML
  [1m[36mStory Load (0.2ms)[0m  [1mSELECT `stories`.* FROM `stories` ORDER BY votes DESC[0m
  [1m[35mSQL (0.4ms)[0m  SHOW TABLES
  [1m[36mUser Load (0.2ms)[0m  [1mSELECT `users`.* FROM `users` WHERE `users`.`id` = 1 LIMIT 1[0m
  [1m[35mCACHE (0.0ms)[0m  SELECT `users`.* FROM `users` WHERE `users`.`id` = 1 LIMIT 1
Rendered layouts/_stylesheets.html.erb (2.2ms)
  [1m[36mCACHE (0.0ms)[0m  [1mSELECT `users`.* FROM `users` WHERE `users`.`id` = 1 LIMIT 1[0m
  [1m[35mCACHE (0.0ms)[0m  SELECT `users`.* FROM `users` WHERE `users`.`id` = 1 LIMIT 1
  [1m[36mCACHE (0.0ms)[0m  [1mSELECT `users`.* FROM `users` WHERE `users`.`id` = 1 LIMIT 1[0m
Rendered layouts/_header.html.erb (5.4ms)
  [1m[35mCACHE (0.0ms)[0m  SELECT `users`.* FROM `users` WHERE `users`.`id` = 1 LIMIT 1
Rendered layouts/_footer.html.erb (1.4ms)
Rendered pages/home.html.erb within layouts/application (23.3ms)
Completed 200 OK in 249ms (Views: 31.1ms | ActiveRecord: 0.9ms)


Started GET "/items" for 127.0.0.1 at 2011-02-26 16:11:44 -0500
  Processing by ItemsController#index as HTML
  [1m[36mItem Load (0.5ms)[0m  [1mSELECT `items`.* FROM `items`[0m
Rendered layouts/_stylesheets.html.erb (1.8ms)
  [1m[35mUser Load (0.2ms)[0m  SELECT `users`.* FROM `users` WHERE `users`.`id` = 1 LIMIT 1
  [1m[36mCACHE (0.0ms)[0m  [1mSELECT `users`.* FROM `users` WHERE `users`.`id` = 1 LIMIT 1[0m
  [1m[35mCACHE (0.0ms)[0m  SELECT `users`.* FROM `users` WHERE `users`.`id` = 1 LIMIT 1
Rendered layouts/_header.html.erb (75.0ms)
  [1m[36mCACHE (0.0ms)[0m  [1mSELECT `users`.* FROM `users` WHERE `users`.`id` = 1 LIMIT 1[0m
Rendered layouts/_footer.html.erb (1.3ms)
Rendered items/index.html.erb within layouts/application (88.7ms)
Completed 200 OK in 110ms (Views: 97.3ms | ActiveRecord: 0.7ms)


Started GET "/items/new" for 127.0.0.1 at 2011-02-26 16:11:50 -0500
  Processing by ItemsController#new as HTML
Rendered items/_form.html.erb (14.8ms)
Rendered layouts/_stylesheets.html.erb (2.8ms)
  [1m[35mUser Load (1.0ms)[0m  SELECT `users`.* FROM `users` WHERE `users`.`id` = 1 LIMIT 1
  [1m[36mCACHE (0.0ms)[0m  [1mSELECT `users`.* FROM `users` WHERE `users`.`id` = 1 LIMIT 1[0m
  [1m[35mCACHE (0.0ms)[0m  SELECT `users`.* FROM `users` WHERE `users`.`id` = 1 LIMIT 1
Rendered layouts/_header.html.erb (131.3ms)
  [1m[36mCACHE (0.0ms)[0m  [1mSELECT `users`.* FROM `users` WHERE `users`.`id` = 1 LIMIT 1[0m
Rendered layouts/_footer.html.erb (1.3ms)
Rendered items/new.html.erb within layouts/application (162.2ms)
Completed 200 OK in 183ms (Views: 169.2ms | ActiveRecord: 1.0ms)


Started POST "/items" for 127.0.0.1 at 2011-02-26 16:12:27 -0500
  Processing by ItemsController#create as HTML
  Parameters: {"utf8"=>"✓", "authenticity_token"=>"duZsCy5/6Z889CHa56nZKa+W7cI9sgZnfm21CZYmHA4=", "item"=>{"name"=>"Milk - Gallon vitamin D", "description"=>"Milk - Gallon vitamin D"}, "commit"=>"Create Item"}
  [1m[35mSQL (0.2ms)[0m  BEGIN
  [1m[36mSQL (0.7ms)[0m  [1mdescribe `items`[0m
  [1m[35mAREL (0.3ms)[0m  INSERT INTO `items` (`name`, `description`, `created_at`, `updated_at`) VALUES ('Milk - Gallon vitamin D', 'Milk - Gallon vitamin D', '2011-02-26 21:12:27', '2011-02-26 21:12:27')
  [1m[36mSQL (4.4ms)[0m  [1mCOMMIT[0m
Redirected to http://127.0.0.1:3000/items/1
Completed 302 Found in 75ms


Started GET "/items/1" for 127.0.0.1 at 2011-02-26 16:12:27 -0500
  Processing by ItemsController#show as HTML
  Parameters: {"id"=>"1"}
  [1m[35mItem Load (0.7ms)[0m  SELECT `items`.* FROM `items` WHERE `items`.`id` = 1 LIMIT 1
Rendered layouts/_stylesheets.html.erb (1.9ms)
  [1m[36mUser Load (0.2ms)[0m  [1mSELECT `users`.* FROM `users` WHERE `users`.`id` = 1 LIMIT 1[0m
  [1m[35mCACHE (0.0ms)[0m  SELECT `users`.* FROM `users` WHERE `users`.`id` = 1 LIMIT 1
  [1m[36mCACHE (0.0ms)[0m  [1mSELECT `users`.* FROM `users` WHERE `users`.`id` = 1 LIMIT 1[0m
Rendered layouts/_header.html.erb (68.0ms)
  [1m[35mCACHE (0.0ms)[0m  SELECT `users`.* FROM `users` WHERE `users`.`id` = 1 LIMIT 1
Rendered layouts/_footer.html.erb (1.3ms)
Rendered items/show.html.erb within layouts/application (90.8ms)
Completed 200 OK in 170ms (Views: 153.1ms | ActiveRecord: 6.6ms)


Started GET "/items" for 127.0.0.1 at 2011-02-26 16:13:06 -0500
  Processing by ItemsController#index as HTML
  [1m[36mItem Load (0.8ms)[0m  [1mSELECT `items`.* FROM `items`[0m
Rendered layouts/_stylesheets.html.erb (2.3ms)
  [1m[35mUser Load (0.2ms)[0m  SELECT `users`.* FROM `users` WHERE `users`.`id` = 1 LIMIT 1
  [1m[36mCACHE (0.0ms)[0m  [1mSELECT `users`.* FROM `users` WHERE `users`.`id` = 1 LIMIT 1[0m
  [1m[35mCACHE (0.0ms)[0m  SELECT `users`.* FROM `users` WHERE `users`.`id` = 1 LIMIT 1
Rendered layouts/_header.html.erb (77.2ms)
  [1m[36mCACHE (0.0ms)[0m  [1mSELECT `users`.* FROM `users` WHERE `users`.`id` = 1 LIMIT 1[0m
Rendered layouts/_footer.html.erb (1.3ms)
Rendered items/index.html.erb within layouts/application (102.0ms)
Completed 200 OK in 180ms (Views: 109.6ms | ActiveRecord: 1.0ms)
DEPRECATION WARNING: Use toplevel init.rb; rails/init.rb is deprecated: /home/srini/code/ruby/me1/vendor/plugins/paperclip/rails/init.rb. (called from <top (required)> at /home/srini/code/ruby/me1/config/environment.rb:5)
DEPRECATION WARNING: Use toplevel init.rb; rails/init.rb is deprecated: /home/srini/code/ruby/me1/vendor/plugins/paperclip/rails/init.rb. (called from <top (required)> at /home/srini/code/ruby/me1/config/environment.rb:5)
  [1m[36mSQL (0.4ms)[0m  [1mSHOW TABLES[0m
  [1m[35mSQL (0.4ms)[0m  SHOW TABLES
  [1m[36mSQL (0.1ms)[0m  [1mSELECT `schema_migrations`.`version` FROM `schema_migrations`[0m
Migrating to CreateItems (20110226204741)
Migrating to CreateStores (20110226205500)
Migrating to CreateDefalutItems (20110226211453)
  [1m[35mSQL (51.6ms)[0m  CREATE TABLE `defalut_items` (`id` int(11) DEFAULT NULL auto_increment PRIMARY KEY, `item_id` int(11), `qty` int(11), `created_at` datetime, `updated_at` datetime) ENGINE=InnoDB
  [1m[36mSQL (0.7ms)[0m  [1mINSERT INTO `schema_migrations` (`version`) VALUES ('20110226211453')[0m
  [1m[35mSQL (0.4ms)[0m  SHOW TABLES
  [1m[36mSQL (0.3ms)[0m  [1mSELECT `schema_migrations`.`version` FROM `schema_migrations`[0m
  [1m[35mSQL (0.3ms)[0m  SHOW TABLES
  [1m[36mSQL (0.6ms)[0m  [1mdescribe `defalut_items`[0m
  [1m[35mSQL (0.4ms)[0m  SHOW KEYS FROM `defalut_items`
  [1m[36mSQL (0.8ms)[0m  [1mdescribe `item2s`[0m
  [1m[35mSQL (0.4ms)[0m  SHOW KEYS FROM `item2s`
  [1m[36mSQL (0.6ms)[0m  [1mdescribe `items`[0m
  [1m[35mSQL (0.3ms)[0m  SHOW KEYS FROM `items`
  [1m[36mSQL (0.6ms)[0m  [1mdescribe `microposts`[0m
  [1m[35mSQL (0.5ms)[0m  SHOW KEYS FROM `microposts`
  [1m[36mSQL (0.7ms)[0m  [1mdescribe `relationships`[0m
  [1m[35mSQL (0.4ms)[0m  SHOW KEYS FROM `relationships`
  [1m[36mSQL (1.1ms)[0m  [1mdescribe `retirees`[0m
  [1m[35mSQL (0.4ms)[0m  SHOW KEYS FROM `retirees`
  [1m[36mSQL (0.7ms)[0m  [1mdescribe `stores`[0m
  [1m[35mSQL (0.3ms)[0m  SHOW KEYS FROM `stores`
  [1m[36mSQL (1.1ms)[0m  [1mdescribe `stories`[0m
  [1m[35mSQL (0.4ms)[0m  SHOW KEYS FROM `stories`
  [1m[36mSQL (0.9ms)[0m  [1mdescribe `users`[0m
  [1m[35mSQL (0.4ms)[0m  SHOW KEYS FROM `users`
DEPRECATION WARNING: Use toplevel init.rb; rails/init.rb is deprecated: /home/srini/code/ruby/me1/vendor/plugins/paperclip/rails/init.rb. (called from <top (required)> at /home/srini/code/ruby/me1/config/environment.rb:5)
DEPRECATION WARNING: Use toplevel init.rb; rails/init.rb is deprecated: /home/srini/code/ruby/me1/vendor/plugins/paperclip/rails/init.rb. (called from <top (required)> at /home/srini/code/ruby/me1/config/environment.rb:5)


Started GET "/" for 127.0.0.1 at 2011-02-26 17:08:28 -0500
  Processing by PagesController#home as HTML
  [1m[36mStory Load (0.2ms)[0m  [1mSELECT `stories`.* FROM `stories` ORDER BY votes DESC[0m
  [1m[35mSQL (0.4ms)[0m  SHOW TABLES
  [1m[36mUser Load (0.2ms)[0m  [1mSELECT `users`.* FROM `users` WHERE `users`.`id` = 1 LIMIT 1[0m
  [1m[35mCACHE (0.0ms)[0m  SELECT `users`.* FROM `users` WHERE `users`.`id` = 1 LIMIT 1
Rendered layouts/_stylesheets.html.erb (1.8ms)
  [1m[36mCACHE (0.0ms)[0m  [1mSELECT `users`.* FROM `users` WHERE `users`.`id` = 1 LIMIT 1[0m
  [1m[35mCACHE (0.0ms)[0m  SELECT `users`.* FROM `users` WHERE `users`.`id` = 1 LIMIT 1
  [1m[36mCACHE (0.0ms)[0m  [1mSELECT `users`.* FROM `users` WHERE `users`.`id` = 1 LIMIT 1[0m
Rendered layouts/_header.html.erb (5.4ms)
  [1m[35mCACHE (0.0ms)[0m  SELECT `users`.* FROM `users` WHERE `users`.`id` = 1 LIMIT 1
Rendered layouts/_footer.html.erb (1.3ms)
Rendered pages/home.html.erb within layouts/application (22.9ms)
Completed 200 OK in 247ms (Views: 31.0ms | ActiveRecord: 0.8ms)


Started GET "/items" for 127.0.0.1 at 2011-02-26 17:11:41 -0500
  Processing by ItemsController#index as HTML
  [1m[36mItem Load (0.5ms)[0m  [1mSELECT `items`.* FROM `items`[0m
Rendered layouts/_stylesheets.html.erb (1.8ms)
  [1m[35mUser Load (0.2ms)[0m  SELECT `users`.* FROM `users` WHERE `users`.`id` = 1 LIMIT 1
  [1m[36mCACHE (0.0ms)[0m  [1mSELECT `users`.* FROM `users` WHERE `users`.`id` = 1 LIMIT 1[0m
  [1m[35mCACHE (0.0ms)[0m  SELECT `users`.* FROM `users` WHERE `users`.`id` = 1 LIMIT 1
Rendered layouts/_header.html.erb (68.5ms)
  [1m[36mCACHE (0.0ms)[0m  [1mSELECT `users`.* FROM `users` WHERE `users`.`id` = 1 LIMIT 1[0m
Rendered layouts/_footer.html.erb (1.5ms)
Rendered items/index.html.erb within layouts/application (118.3ms)
Completed 200 OK in 146ms (Views: 131.0ms | ActiveRecord: 0.7ms)
